#
# There is insufficient memory for the Java Runtime Environment to continue.
# Native memory allocation (malloc) failed to allocate 68724916224 bytes for committing reserved memory.
# Possible reasons:
#   The system is out of physical RAM or swap space
#   In 32 bit mode, the process size limit was hit
# Possible solutions:
#   Reduce memory load on the system
#   Increase physical memory or swap space
#   Check if swap backing store is full
#   Use 64 bit Java on a 64 bit OS
#   Decrease Java heap size (-Xmx/-Xms)
#   Decrease number of Java threads
#   Decrease Java thread stack sizes (-Xss)
#   Set larger code cache with -XX:ReservedCodeCacheSize=
# This output file may be truncated or incomplete.
#
#  Out of Memory Error (os_linux.cpp:2798), pid=31551, tid=140238027798272
#
# JRE version:  (7.0_65-b32) (build )
# Java VM: OpenJDK 64-Bit Server VM (24.65-b04 mixed mode linux-amd64 )
# Derivative: IcedTea 2.5.2
# Distribution: Ubuntu 14.04 LTS, package 7u65-2.5.2-3~14.04
# Failed to write core dump. Core dumps have been disabled. To enable core dumping, try "ulimit -c unlimited" before starting Java again
#

---------------  T H R E A D  ---------------

Current thread (0x00007f8bac00a000):  JavaThread "Unknown thread" [_thread_in_vm, id=31552, stack(0x00007f8bb5c4b000,0x00007f8bb5d4c000)]

Stack: [0x00007f8bb5c4b000,0x00007f8bb5d4c000],  sp=0x00007f8bb5d4a4b0,  free space=1021k
Native frames: (J=compiled Java code, j=interpreted, Vv=VM code, C=native code)
V  [libjvm.so+0x9486a5]  VMError::report_and_die()+0x175
V  [libjvm.so+0x48b904]  report_vm_out_of_memory(char const*, int, unsigned long, char const*)+0x74
V  [libjvm.so+0x7c76ab]  os::pd_commit_memory(char*, unsigned long, unsigned long, bool)+0xeb
V  [libjvm.so+0x7c216f]  os::commit_memory(char*, unsigned long, unsigned long, bool)+0x1f
V  [libjvm.so+0x8338fb]  PSVirtualSpace::expand_by(unsigned long)+0x5b
V  [libjvm.so+0x7df335]  ParMarkBitMap::initialize(MemRegion)+0x1e5
V  [libjvm.so+0x82c990]  PSParallelCompact::initialize()+0x1a0
V  [libjvm.so+0x7e7395]  ParallelScavengeHeap::initialize()+0x805
V  [libjvm.so+0x91a297]  Universe::initialize_heap()+0xc7
V  [libjvm.so+0x91a5c7]  universe_init()+0x67
V  [libjvm.so+0x59cf25]  init_globals()+0x55
V  [libjvm.so+0x8fcf5f]  Threads::create_vm(JavaVMInitArgs*, bool*)+0x35f
V  [libjvm.so+0x608284]  JNI_CreateJavaVM+0x54
C  [libjli.so+0x2b48]


---------------  P R O C E S S  ---------------

Java Threads: ( => current thread )

Other Threads:

=>0x00007f8bac00a000 (exited) JavaThread "Unknown thread" [_thread_in_vm, id=31552, stack(0x00007f8bb5c4b000,0x00007f8bb5d4c000)]

VM state:not at safepoint (not fully initialized)

VM Mutex/Monitor currently owned by a thread: None

GC Heap History (0 events):
No events

Deoptimization events (0 events):
No events

Internal exceptions (0 events):
No events

Events (0 events):
No events


Dynamic libraries:
00400000-00401000 r-xp 00000000 fc:00 174469                             /usr/lib/jvm/java-7-openjdk-amd64/jre/bin/java
00600000-00601000 r--p 00000000 fc:00 174469                             /usr/lib/jvm/java-7-openjdk-amd64/jre/bin/java
00601000-00602000 rw-p 00001000 fc:00 174469                             /usr/lib/jvm/java-7-openjdk-amd64/jre/bin/java
01342000-01363000 rw-p 00000000 00:00 0                                  [heap]
7d89dc000000-7d89dc021000 rw-p 00000000 00:00 0 
7d89dc021000-7d89e0000000 ---p 00000000 00:00 0 
7d89e4000000-7d89e4021000 rw-p 00000000 00:00 0 
7d89e4021000-7d89e8000000 ---p 00000000 00:00 0 
7d89e8000000-7d89e8021000 rw-p 00000000 00:00 0 
7d89e8021000-7d89ec000000 ---p 00000000 00:00 0 
7d89ec000000-7d89ec021000 rw-p 00000000 00:00 0 
7d89ec021000-7d89f0000000 ---p 00000000 00:00 0 
7d89f3f01000-7d89f3f12000 rw-p 00000000 00:00 0 
7d89f3f12000-7d8a9e9ac000 rw-p 00000000 00:00 0 
7d8a9e9ac000-7d8a9e9b7000 rw-p 00000000 00:00 0 
7d8a9e9b7000-7d8a9e9ff000 rw-p 00000000 00:00 0 
7d8a9e9ff000-7d8a9ea10000 rw-p 00000000 00:00 0 
7d8a9ea10000-7d8b494a9000 rw-p 00000000 00:00 0 
7d8b494a9000-7d8b494b2000 rw-p 00000000 00:00 0 
7d8b494b2000-7d8b9e9ff000 rw-p 00000000 00:00 0 
7d8b9e9ff000-7d8b9ff00000 rw-p 00000000 00:00 0 
7d8b9ff00000-7d8ba9000000 rw-p 00000000 00:00 0 
7d8ba9000000-7d8bab080000 rw-p 00000000 00:00 0 
7d8bab080000-7ee0fe500000 rw-p 00000000 00:00 0 
7ee0fe500000-7ee0ff580000 rw-p 00000000 00:00 0 
7ee0ff580000-7f8ba9000000 rw-p 00000000 00:00 0 
7f8ba9000000-7f8ba9270000 rwxp 00000000 00:00 0 
7f8ba9270000-7f8bac02e000 rw-p 00000000 00:00 0 
7f8bac02e000-7f8bb0000000 ---p 00000000 00:00 0 
7f8bb2203000-7f8bb243d000 rw-p 00000000 00:00 0 
7f8bb243d000-7f8bb243e000 ---p 00000000 00:00 0 
7f8bb243e000-7f8bb253e000 rw-p 00000000 00:00 0                          [stack:31556]
7f8bb253e000-7f8bb253f000 ---p 00000000 00:00 0 
7f8bb253f000-7f8bb263f000 rw-p 00000000 00:00 0                          [stack:31555]
7f8bb263f000-7f8bb2640000 ---p 00000000 00:00 0 
7f8bb2640000-7f8bb2740000 rw-p 00000000 00:00 0                          [stack:31554]
7f8bb2740000-7f8bb2741000 ---p 00000000 00:00 0 
7f8bb2741000-7f8bb284c000 rw-p 00000000 00:00 0                          [stack:31553]
7f8bb284c000-7f8bb2894000 rw-p 00000000 00:00 0 
7f8bb2894000-7f8bb289c000 r-xp 00000000 fc:00 148906                     /usr/lib/jvm/java-7-openjdk-amd64/jre/lib/amd64/libzip.so
7f8bb289c000-7f8bb2a9b000 ---p 00008000 fc:00 148906                     /usr/lib/jvm/java-7-openjdk-amd64/jre/lib/amd64/libzip.so
7f8bb2a9b000-7f8bb2a9c000 r--p 00007000 fc:00 148906                     /usr/lib/jvm/java-7-openjdk-amd64/jre/lib/amd64/libzip.so
7f8bb2a9c000-7f8bb2a9d000 rw-p 00008000 fc:00 148906                     /usr/lib/jvm/java-7-openjdk-amd64/jre/lib/amd64/libzip.so
7f8bb2a9d000-7f8bb2aa8000 r-xp 00000000 fc:00 1175363                    /lib/x86_64-linux-gnu/libnss_files-2.19.so
7f8bb2aa8000-7f8bb2ca7000 ---p 0000b000 fc:00 1175363                    /lib/x86_64-linux-gnu/libnss_files-2.19.so
7f8bb2ca7000-7f8bb2ca8000 r--p 0000a000 fc:00 1175363                    /lib/x86_64-linux-gnu/libnss_files-2.19.so
7f8bb2ca8000-7f8bb2ca9000 rw-p 0000b000 fc:00 1175363                    /lib/x86_64-linux-gnu/libnss_files-2.19.so
7f8bb2ca9000-7f8bb2cb4000 r-xp 00000000 fc:00 1175346                    /lib/x86_64-linux-gnu/libnss_nis-2.19.so
7f8bb2cb4000-7f8bb2eb3000 ---p 0000b000 fc:00 1175346                    /lib/x86_64-linux-gnu/libnss_nis-2.19.so
7f8bb2eb3000-7f8bb2eb4000 r--p 0000a000 fc:00 1175346                    /lib/x86_64-linux-gnu/libnss_nis-2.19.so
7f8bb2eb4000-7f8bb2eb5000 rw-p 0000b000 fc:00 1175346                    /lib/x86_64-linux-gnu/libnss_nis-2.19.so
7f8bb2eb5000-7f8bb2ecc000 r-xp 00000000 fc:00 1175369                    /lib/x86_64-linux-gnu/libnsl-2.19.so
7f8bb2ecc000-7f8bb30cb000 ---p 00017000 fc:00 1175369                    /lib/x86_64-linux-gnu/libnsl-2.19.so
7f8bb30cb000-7f8bb30cc000 r--p 00016000 fc:00 1175369                    /lib/x86_64-linux-gnu/libnsl-2.19.so
7f8bb30cc000-7f8bb30cd000 rw-p 00017000 fc:00 1175369                    /lib/x86_64-linux-gnu/libnsl-2.19.so
7f8bb30cd000-7f8bb30cf000 rw-p 00000000 00:00 0 
7f8bb30cf000-7f8bb30d8000 r-xp 00000000 fc:00 1175358                    /lib/x86_64-linux-gnu/libnss_compat-2.19.so
7f8bb30d8000-7f8bb32d7000 ---p 00009000 fc:00 1175358                    /lib/x86_64-linux-gnu/libnss_compat-2.19.so
7f8bb32d7000-7f8bb32d8000 r--p 00008000 fc:00 1175358                    /lib/x86_64-linux-gnu/libnss_compat-2.19.so
7f8bb32d8000-7f8bb32d9000 rw-p 00009000 fc:00 1175358                    /lib/x86_64-linux-gnu/libnss_compat-2.19.so
7f8bb32d9000-7f8bb3304000 r-xp 00000000 fc:00 148905                     /usr/lib/jvm/java-7-openjdk-amd64/jre/lib/amd64/libjava.so
7f8bb3304000-7f8bb3504000 ---p 0002b000 fc:00 148905                     /usr/lib/jvm/java-7-openjdk-amd64/jre/lib/amd64/libjava.so
7f8bb3504000-7f8bb3505000 r--p 0002b000 fc:00 148905                     /usr/lib/jvm/java-7-openjdk-amd64/jre/lib/amd64/libjava.so
7f8bb3505000-7f8bb3507000 rw-p 0002c000 fc:00 148905                     /usr/lib/jvm/java-7-openjdk-amd64/jre/lib/amd64/libjava.so
7f8bb3507000-7f8bb3517000 r-xp 00000000 fc:00 148931                     /usr/lib/jvm/java-7-openjdk-amd64/jre/lib/amd64/libverify.so
7f8bb3517000-7f8bb3716000 ---p 00010000 fc:00 148931                     /usr/lib/jvm/java-7-openjdk-amd64/jre/lib/amd64/libverify.so
7f8bb3716000-7f8bb3718000 r--p 0000f000 fc:00 148931                     /usr/lib/jvm/java-7-openjdk-amd64/jre/lib/amd64/libverify.so
7f8bb3718000-7f8bb3719000 rw-p 00011000 fc:00 148931                     /usr/lib/jvm/java-7-openjdk-amd64/jre/lib/amd64/libverify.so
7f8bb3719000-7f8bb3720000 r-xp 00000000 fc:00 1175361                    /lib/x86_64-linux-gnu/librt-2.19.so
7f8bb3720000-7f8bb391f000 ---p 00007000 fc:00 1175361                    /lib/x86_64-linux-gnu/librt-2.19.so
7f8bb391f000-7f8bb3920000 r--p 00006000 fc:00 1175361                    /lib/x86_64-linux-gnu/librt-2.19.so
7f8bb3920000-7f8bb3921000 rw-p 00007000 fc:00 1175361                    /lib/x86_64-linux-gnu/librt-2.19.so
7f8bb3921000-7f8bb3937000 r-xp 00000000 fc:00 1175105                    /lib/x86_64-linux-gnu/libgcc_s.so.1
7f8bb3937000-7f8bb3b36000 ---p 00016000 fc:00 1175105                    /lib/x86_64-linux-gnu/libgcc_s.so.1
7f8bb3b36000-7f8bb3b37000 rw-p 00015000 fc:00 1175105                    /lib/x86_64-linux-gnu/libgcc_s.so.1
7f8bb3b37000-7f8bb3c3c000 r-xp 00000000 fc:00 1175362                    /lib/x86_64-linux-gnu/libm-2.19.so
7f8bb3c3c000-7f8bb3e3b000 ---p 00105000 fc:00 1175362                    /lib/x86_64-linux-gnu/libm-2.19.so
7f8bb3e3b000-7f8bb3e3c000 r--p 00104000 fc:00 1175362                    /lib/x86_64-linux-gnu/libm-2.19.so
7f8bb3e3c000-7f8bb3e3d000 rw-p 00105000 fc:00 1175362                    /lib/x86_64-linux-gnu/libm-2.19.so
7f8bb3e3d000-7f8bb3f23000 r-xp 00000000 fc:00 131079                     /usr/lib/x86_64-linux-gnu/libstdc++.so.6.0.19
7f8bb3f23000-7f8bb4122000 ---p 000e6000 fc:00 131079                     /usr/lib/x86_64-linux-gnu/libstdc++.so.6.0.19
7f8bb4122000-7f8bb412a000 r--p 000e5000 fc:00 131079                     /usr/lib/x86_64-linux-gnu/libstdc++.so.6.0.19
7f8bb412a000-7f8bb412c000 rw-p 000ed000 fc:00 131079                     /usr/lib/x86_64-linux-gnu/libstdc++.so.6.0.19
7f8bb412c000-7f8bb4141000 rw-p 00000000 00:00 0 
7f8bb4141000-7f8bb4c57000 r-xp 00000000 fc:00 148921                     /usr/lib/jvm/java-7-openjdk-amd64/jre/lib/amd64/server/libjvm.so
7f8bb4c57000-7f8bb4e56000 ---p 00b16000 fc:00 148921                     /usr/lib/jvm/java-7-openjdk-amd64/jre/lib/amd64/server/libjvm.so
7f8bb4e56000-7f8bb4ef0000 r--p 00b15000 fc:00 148921                     /usr/lib/jvm/java-7-openjdk-amd64/jre/lib/amd64/server/libjvm.so
7f8bb4ef0000-7f8bb4f13000 rw-p 00baf000 fc:00 148921                     /usr/lib/jvm/java-7-openjdk-amd64/jre/lib/amd64/server/libjvm.so
7f8bb4f13000-7f8bb4f41000 rw-p 00000000 00:00 0 
7f8bb4f41000-7f8bb4f59000 r-xp 00000000 fc:00 1179195                    /lib/x86_64-linux-gnu/libz.so.1.2.8
7f8bb4f59000-7f8bb5158000 ---p 00018000 fc:00 1179195                    /lib/x86_64-linux-gnu/libz.so.1.2.8
7f8bb5158000-7f8bb5159000 r--p 00017000 fc:00 1179195                    /lib/x86_64-linux-gnu/libz.so.1.2.8
7f8bb5159000-7f8bb515a000 rw-p 00018000 fc:00 1179195                    /lib/x86_64-linux-gnu/libz.so.1.2.8
7f8bb515a000-7f8bb5173000 r-xp 00000000 fc:00 1175372                    /lib/x86_64-linux-gnu/libpthread-2.19.so
7f8bb5173000-7f8bb5372000 ---p 00019000 fc:00 1175372                    /lib/x86_64-linux-gnu/libpthread-2.19.so
7f8bb5372000-7f8bb5373000 r--p 00018000 fc:00 1175372                    /lib/x86_64-linux-gnu/libpthread-2.19.so
7f8bb5373000-7f8bb5374000 rw-p 00019000 fc:00 1175372                    /lib/x86_64-linux-gnu/libpthread-2.19.so
7f8bb5374000-7f8bb5378000 rw-p 00000000 00:00 0 
7f8bb5378000-7f8bb537b000 r-xp 00000000 fc:00 1175355                    /lib/x86_64-linux-gnu/libdl-2.19.so
7f8bb537b000-7f8bb557a000 ---p 00003000 fc:00 1175355                    /lib/x86_64-linux-gnu/libdl-2.19.so
7f8bb557a000-7f8bb557b000 r--p 00002000 fc:00 1175355                    /lib/x86_64-linux-gnu/libdl-2.19.so
7f8bb557b000-7f8bb557c000 rw-p 00003000 fc:00 1175355                    /lib/x86_64-linux-gnu/libdl-2.19.so
7f8bb557c000-7f8bb5738000 r-xp 00000000 fc:00 1175370                    /lib/x86_64-linux-gnu/libc-2.19.so
7f8bb5738000-7f8bb5937000 ---p 001bc000 fc:00 1175370                    /lib/x86_64-linux-gnu/libc-2.19.so
7f8bb5937000-7f8bb593b000 r--p 001bb000 fc:00 1175370                    /lib/x86_64-linux-gnu/libc-2.19.so
7f8bb593b000-7f8bb593d000 rw-p 001bf000 fc:00 1175370                    /lib/x86_64-linux-gnu/libc-2.19.so
7f8bb593d000-7f8bb5942000 rw-p 00000000 00:00 0 
7f8bb5942000-7f8bb594f000 r-xp 00000000 fc:00 174444                     /usr/lib/jvm/java-7-openjdk-amd64/jre/lib/amd64/jli/libjli.so
7f8bb594f000-7f8bb5b4e000 ---p 0000d000 fc:00 174444                     /usr/lib/jvm/java-7-openjdk-amd64/jre/lib/amd64/jli/libjli.so
7f8bb5b4e000-7f8bb5b4f000 r--p 0000c000 fc:00 174444                     /usr/lib/jvm/java-7-openjdk-amd64/jre/lib/amd64/jli/libjli.so
7f8bb5b4f000-7f8bb5b50000 rw-p 0000d000 fc:00 174444                     /usr/lib/jvm/java-7-openjdk-amd64/jre/lib/amd64/jli/libjli.so
7f8bb5b50000-7f8bb5b73000 r-xp 00000000 fc:00 1175354                    /lib/x86_64-linux-gnu/ld-2.19.so
7f8bb5b8b000-7f8bb5b95000 rw-p 00000000 00:00 0 
7f8bb5b95000-7f8bb5c4b000 rw-p 00000000 00:00 0 
7f8bb5c4b000-7f8bb5c4e000 ---p 00000000 00:00 0 
7f8bb5c4e000-7f8bb5d51000 rw-p 00000000 00:00 0                          [stack:31552]
7f8bb5d64000-7f8bb5d66000 rw-p 00000000 00:00 0 
7f8bb5d66000-7f8bb5d6e000 rw-s 00000000 fc:00 1045792                    /tmp/hsperfdata_robert/31551
7f8bb5d6e000-7f8bb5d6f000 rw-p 00000000 00:00 0 
7f8bb5d6f000-7f8bb5d70000 r--p 00000000 00:00 0 
7f8bb5d70000-7f8bb5d72000 rw-p 00000000 00:00 0 
7f8bb5d72000-7f8bb5d73000 r--p 00022000 fc:00 1175354                    /lib/x86_64-linux-gnu/ld-2.19.so
7f8bb5d73000-7f8bb5d74000 rw-p 00023000 fc:00 1175354                    /lib/x86_64-linux-gnu/ld-2.19.so
7f8bb5d74000-7f8bb5d75000 rw-p 00000000 00:00 0 
7fff2b552000-7fff2b573000 rw-p 00000000 00:00 0                          [stack]
7fff2b5fe000-7fff2b600000 r-xp 00000000 00:00 0                          [vdso]
ffffffffff600000-ffffffffff601000 r-xp 00000000 00:00 0                  [vsyscall]

VM Arguments:
jvm_args: -Xmx2048G 
java_command: sliding.SlideMain
Launcher Type: SUN_STANDARD

Environment Variables:
PATH=/usr/local/sbin:/usr/local/bin:/usr/sbin:/usr/bin:/sbin:/bin:/usr/games:/usr/local/games:/home/robert/.rvm/bin
USERNAME=robert
SHELL=/bin/bash
DISPLAY=:0

Signal Handlers:
SIGSEGV: [libjvm.so+0x949180], sa_mask[0]=0x7ffbfeff, sa_flags=0x10000004
SIGBUS: [libjvm.so+0x949180], sa_mask[0]=0x7ffbfeff, sa_flags=0x10000004
SIGFPE: [libjvm.so+0x7c2ec0], sa_mask[0]=0x7ffbfeff, sa_flags=0x10000004
SIGPIPE: [libjvm.so+0x7c2ec0], sa_mask[0]=0x7ffbfeff, sa_flags=0x10000004
SIGXFSZ: [libjvm.so+0x7c2ec0], sa_mask[0]=0x7ffbfeff, sa_flags=0x10000004
SIGILL: [libjvm.so+0x7c2ec0], sa_mask[0]=0x7ffbfeff, sa_flags=0x10000004
SIGUSR1: SIG_DFL, sa_mask[0]=0x00000000, sa_flags=0x00000000
SIGUSR2: [libjvm.so+0x7c2d60], sa_mask[0]=0x00000000, sa_flags=0x10000004
SIGHUP: SIG_DFL, sa_mask[0]=0x00000000, sa_flags=0x00000000
SIGINT: SIG_DFL, sa_mask[0]=0x00000000, sa_flags=0x00000000
SIGTERM: SIG_DFL, sa_mask[0]=0x00000000, sa_flags=0x00000000
SIGQUIT: SIG_DFL, sa_mask[0]=0x00000000, sa_flags=0x00000000
SIGTRAP: SIG_DFL, sa_mask[0]=0x00000000, sa_flags=0x00000000


---------------  S Y S T E M  ---------------

OS:LinuxMint 17 (qiana)
uname:Linux 3.13.0-34-generic #60-Ubuntu SMP Wed Aug 13 15:45:27 UTC 2014 x86_64
libc:glibc 2.19 NPTL 2.19 
rlimit: STACK 8192k, CORE 0k, NPROC 24779, NOFILE 4096, AS infinity
load average:1.10 1.22 1.28

/proc/meminfo:
MemTotal:        3202740 kB
MemFree:          417548 kB
Buffers:          258908 kB
Cached:          1166732 kB
SwapCached:            0 kB
Active:          1814884 kB
Inactive:         754576 kB
Active(anon):    1144788 kB
Inactive(anon):    38924 kB
Active(file):     670096 kB
Inactive(file):   715652 kB
Unevictable:           0 kB
Mlocked:               0 kB
SwapTotal:       3268604 kB
SwapFree:        3268604 kB
Dirty:               128 kB
Writeback:             0 kB
AnonPages:       1144000 kB
Mapped:           175876 kB
Shmem:             39768 kB
Slab:             156168 kB
SReclaimable:     133936 kB
SUnreclaim:        22232 kB
KernelStack:        3408 kB
PageTables:        22184 kB
NFS_Unstable:          0 kB
Bounce:                0 kB
WritebackTmp:          0 kB
CommitLimit:     4869972 kB
Committed_AS:    3193668 kB
VmallocTotal:   34359738367 kB
VmallocUsed:       36736 kB
VmallocChunk:   34359693400 kB
HardwareCorrupted:     0 kB
AnonHugePages:    425984 kB
HugePages_Total:       0
HugePages_Free:        0
HugePages_Rsvd:        0
HugePages_Surp:        0
Hugepagesize:       2048 kB
DirectMap4k:       51136 kB
DirectMap2M:     3217408 kB


CPU:total 4 (4 cores per cpu, 1 threads per core) family 6 model 60 stepping 3, cmov, cx8, fxsr, mmx, sse, sse2, sse3, ssse3, tsc

/proc/cpuinfo:
processor	: 0
vendor_id	: GenuineIntel
cpu family	: 6
model		: 60
model name	: Intel(R) Core(TM) i7-4700MQ CPU @ 2.40GHz
stepping	: 3
microcode	: 0x19
cpu MHz		: 2298.091
cache size	: 6144 KB
physical id	: 0
siblings	: 4
core id		: 0
cpu cores	: 4
apicid		: 0
initial apicid	: 0
fpu		: yes
fpu_exception	: yes
cpuid level	: 5
wp		: yes
flags		: fpu vme de pse tsc msr pae mce cx8 apic sep mtrr pge mca cmov pat pse36 clflush mmx fxsr sse sse2 ht syscall nx rdtscp lm constant_tsc rep_good nopl pni ssse3 lahf_lm
bogomips	: 4596.18
clflush size	: 64
cache_alignment	: 64
address sizes	: 39 bits physical, 48 bits virtual
power management:

processor	: 1
vendor_id	: GenuineIntel
cpu family	: 6
model		: 60
model name	: Intel(R) Core(TM) i7-4700MQ CPU @ 2.40GHz
stepping	: 3
microcode	: 0x19
cpu MHz		: 2298.091
cache size	: 6144 KB
physical id	: 0
siblings	: 4
core id		: 1
cpu cores	: 4
apicid		: 1
initial apicid	: 1
fpu		: yes
fpu_exception	: yes
cpuid level	: 5
wp		: yes
flags		: fpu vme de pse tsc msr pae mce cx8 apic sep mtrr pge mca cmov pat pse36 clflush mmx fxsr sse sse2 ht syscall nx rdtscp lm constant_tsc rep_good nopl pni ssse3 lahf_lm
bogomips	: 4596.18
clflush size	: 64
cache_alignment	: 64
address sizes	: 39 bits physical, 48 bits virtual
power management:

processor	: 2
vendor_id	: GenuineIntel
cpu family	: 6
model		: 60
model name	: Intel(R) Core(TM) i7-4700MQ CPU @ 2.40GHz
stepping	: 3
microcode	: 0x19
cpu MHz		: 2298.091
cache size	: 6144 KB
physical id	: 0
siblings	: 4
core id		: 2
cpu cores	: 4
apicid		: 2
initial apicid	: 2
fpu		: yes
fpu_exception	: yes
cpuid level	: 5
wp		: yes
flags		: fpu vme de pse tsc msr pae mce cx8 apic sep mtrr pge mca cmov pat pse36 clflush mmx fxsr sse sse2 ht syscall nx rdtscp lm constant_tsc rep_good nopl pni ssse3 lahf_lm
bogomips	: 4596.18
clflush size	: 64
cache_alignment	: 64
address sizes	: 39 bits physical, 48 bits virtual
power management:

processor	: 3
vendor_id	: GenuineIntel
cpu family	: 6
model		: 60
model name	: Intel(R) Core(TM) i7-4700MQ CPU @ 2.40GHz
stepping	: 3
microcode	: 0x19
cpu MHz		: 2298.091
cache size	: 6144 KB
physical id	: 0
siblings	: 4
core id		: 3
cpu cores	: 4
apicid		: 3
initial apicid	: 3
fpu		: yes
fpu_exception	: yes
cpuid level	: 5
wp		: yes
flags		: fpu vme de pse tsc msr pae mce cx8 apic sep mtrr pge mca cmov pat pse36 clflush mmx fxsr sse sse2 ht syscall nx rdtscp lm constant_tsc rep_good nopl pni ssse3 lahf_lm
bogomips	: 4596.18
clflush size	: 64
cache_alignment	: 64
address sizes	: 39 bits physical, 48 bits virtual
power management:



Memory: 4k page, physical 3202740k(417548k free), swap 3268604k(3268604k free)

vm_info: OpenJDK 64-Bit Server VM (24.65-b04) for linux-amd64 JRE (1.7.0_65-b32), built on Sep 10 2014 05:56:05 by "buildd" with gcc 4.8.2

time: Fri Nov 21 00:57:12 2014
elapsed time: 0 seconds

